2020-09-21 00:13:11.357  INFO 62440 --- [restartedMain] c.a.e.r.ReportingSystemApplication       : Starting ReportingSystemApplication on Yifengs-MacBook-Pro.local with PID 62440 (/Users/yifengzhang/Desktop/Antra/reporting_system/target/classes started by yifengzhang in /Users/yifengzhang/Desktop/Antra/reporting_system)
2020-09-21 00:13:11.363  INFO 62440 --- [restartedMain] c.a.e.r.ReportingSystemApplication       : No active profile set, falling back to default profiles: default
2020-09-21 00:13:11.416  INFO 62440 --- [restartedMain] .e.DevToolsPropertyDefaultsPostProcessor : Devtools property defaults active! Set 'spring.devtools.add-properties' to 'false' to disable
2020-09-21 00:13:11.416  INFO 62440 --- [restartedMain] .e.DevToolsPropertyDefaultsPostProcessor : For additional web related logging consider setting the 'logging.level.web' property to 'DEBUG'
2020-09-21 00:13:12.850  INFO 62440 --- [restartedMain] o.s.b.w.embedded.tomcat.TomcatWebServer  : Tomcat initialized with port(s): 8080 (http)
2020-09-21 00:13:12.862  INFO 62440 --- [restartedMain] o.apache.catalina.core.StandardService   : Starting service [Tomcat]
2020-09-21 00:13:12.863  INFO 62440 --- [restartedMain] org.apache.catalina.core.StandardEngine  : Starting Servlet engine: [Apache Tomcat/9.0.37]
2020-09-21 00:13:12.956  INFO 62440 --- [restartedMain] o.a.c.c.C.[Tomcat].[localhost].[/]       : Initializing Spring embedded WebApplicationContext
2020-09-21 00:13:12.957  INFO 62440 --- [restartedMain] w.s.c.ServletWebServerApplicationContext : Root WebApplicationContext: initialization completed in 1541 ms
2020-09-21 00:13:13.444  INFO 62440 --- [restartedMain] pertySourcedRequestMappingHandlerMapping : Mapped URL path [/v2/api-docs] onto method [springfox.documentation.swagger2.web.Swagger2Controller#getDocumentation(String, HttpServletRequest)]
2020-09-21 00:13:13.518  INFO 62440 --- [restartedMain] o.s.s.concurrent.ThreadPoolTaskExecutor  : Initializing ExecutorService 'applicationTaskExecutor'
2020-09-21 00:13:13.559  INFO 62440 --- [restartedMain] o.s.b.d.a.OptionalLiveReloadServer       : LiveReload server is running on port 35729
2020-09-21 00:13:13.687  INFO 62440 --- [restartedMain] o.s.b.w.embedded.tomcat.TomcatWebServer  : Tomcat started on port(s): 8080 (http) with context path ''
2020-09-21 00:13:13.688  INFO 62440 --- [restartedMain] d.s.w.p.DocumentationPluginsBootstrapper : Context refreshed
2020-09-21 00:13:13.711  INFO 62440 --- [restartedMain] d.s.w.p.DocumentationPluginsBootstrapper : Found 1 custom documentation plugin(s)
2020-09-21 00:13:13.754  INFO 62440 --- [restartedMain] s.d.s.w.s.ApiListingReferenceScanner     : Scanning for api listing references
2020-09-21 00:13:13.860  INFO 62440 --- [restartedMain] .d.s.w.r.o.CachingOperationNameGenerator : Generating unique operation named: createMultiSheetExcelUsingPOST_1
2020-09-21 00:13:13.890  INFO 62440 --- [restartedMain] c.a.e.r.ReportingSystemApplication       : Started ReportingSystemApplication in 2.9 seconds (JVM running for 8.879)
2020-09-21 00:13:36.277  INFO 62440 --- [SpringContextShutdownHook] o.s.s.concurrent.ThreadPoolTaskExecutor  : Shutting down ExecutorService 'applicationTaskExecutor'
2020-09-21 00:19:16.115  INFO 62489 --- [restartedMain] c.a.e.r.ReportingSystemApplication       : Starting ReportingSystemApplication on Yifengs-MacBook-Pro.local with PID 62489 (/Users/yifengzhang/Desktop/Antra/reporting_system/target/classes started by yifengzhang in /Users/yifengzhang/Desktop/Antra/reporting_system)
2020-09-21 00:19:16.119  INFO 62489 --- [restartedMain] c.a.e.r.ReportingSystemApplication       : No active profile set, falling back to default profiles: default
2020-09-21 00:19:16.210  INFO 62489 --- [restartedMain] .e.DevToolsPropertyDefaultsPostProcessor : Devtools property defaults active! Set 'spring.devtools.add-properties' to 'false' to disable
2020-09-21 00:19:16.211  INFO 62489 --- [restartedMain] .e.DevToolsPropertyDefaultsPostProcessor : For additional web related logging consider setting the 'logging.level.web' property to 'DEBUG'
2020-09-21 00:19:17.823  INFO 62489 --- [restartedMain] o.s.b.w.embedded.tomcat.TomcatWebServer  : Tomcat initialized with port(s): 8080 (http)
2020-09-21 00:19:17.832  INFO 62489 --- [restartedMain] o.apache.catalina.core.StandardService   : Starting service [Tomcat]
2020-09-21 00:19:17.832  INFO 62489 --- [restartedMain] org.apache.catalina.core.StandardEngine  : Starting Servlet engine: [Apache Tomcat/9.0.37]
2020-09-21 00:19:17.910  INFO 62489 --- [restartedMain] o.a.c.c.C.[Tomcat].[localhost].[/]       : Initializing Spring embedded WebApplicationContext
2020-09-21 00:19:17.911  INFO 62489 --- [restartedMain] w.s.c.ServletWebServerApplicationContext : Root WebApplicationContext: initialization completed in 1700 ms
2020-09-21 00:19:18.280  INFO 62489 --- [restartedMain] pertySourcedRequestMappingHandlerMapping : Mapped URL path [/v2/api-docs] onto method [springfox.documentation.swagger2.web.Swagger2Controller#getDocumentation(String, HttpServletRequest)]
2020-09-21 00:19:18.346  INFO 62489 --- [restartedMain] o.s.s.concurrent.ThreadPoolTaskExecutor  : Initializing ExecutorService 'applicationTaskExecutor'
2020-09-21 00:19:18.385  INFO 62489 --- [restartedMain] o.s.b.d.a.OptionalLiveReloadServer       : LiveReload server is running on port 35729
2020-09-21 00:19:18.490  INFO 62489 --- [restartedMain] o.s.b.w.embedded.tomcat.TomcatWebServer  : Tomcat started on port(s): 8080 (http) with context path ''
2020-09-21 00:19:18.492  INFO 62489 --- [restartedMain] d.s.w.p.DocumentationPluginsBootstrapper : Context refreshed
2020-09-21 00:19:18.509  INFO 62489 --- [restartedMain] d.s.w.p.DocumentationPluginsBootstrapper : Found 1 custom documentation plugin(s)
2020-09-21 00:19:18.537  INFO 62489 --- [restartedMain] s.d.s.w.s.ApiListingReferenceScanner     : Scanning for api listing references
2020-09-21 00:19:18.633  INFO 62489 --- [restartedMain] .d.s.w.r.o.CachingOperationNameGenerator : Generating unique operation named: createMultiSheetExcelUsingPOST_1
2020-09-21 00:19:18.660  INFO 62489 --- [restartedMain] c.a.e.r.ReportingSystemApplication       : Started ReportingSystemApplication in 3.013 seconds (JVM running for 8.884)
2020-09-21 00:19:26.183  INFO 62489 --- [SpringContextShutdownHook] o.s.s.concurrent.ThreadPoolTaskExecutor  : Shutting down ExecutorService 'applicationTaskExecutor'
2020-09-21 00:54:15.896  WARN 62820 --- [main] ory$DuplicateJsonObjectContextCustomizer : 

Found multiple occurrences of org.json.JSONObject on the class path:

	jar:file:/Users/yifengzhang/.m2/repository/com/vaadin/external/google/android-json/0.0.20131108.vaadin1/android-json-0.0.20131108.vaadin1.jar!/org/json/JSONObject.class
	jar:file:/Users/yifengzhang/.m2/repository/org/json/json/20180813/json-20180813.jar!/org/json/JSONObject.class

You may wish to exclude one of them to ensure predictable runtime behavior

2020-09-21 00:54:15.923  INFO 62820 --- [main] c.a.e.r.ReportingSystemApplicationTests  : Starting ReportingSystemApplicationTests on Yifengs-MacBook-Pro.local with PID 62820 (started by yifengzhang in /Users/yifengzhang/Desktop/Antra/reporting_system)
2020-09-21 00:54:15.924  INFO 62820 --- [main] c.a.e.r.ReportingSystemApplicationTests  : No active profile set, falling back to default profiles: default
2020-09-21 00:54:17.959  INFO 62820 --- [main] o.s.b.w.embedded.tomcat.TomcatWebServer  : Tomcat initialized with port(s): 0 (http)
2020-09-21 00:54:17.971  INFO 62820 --- [main] o.apache.catalina.core.StandardService   : Starting service [Tomcat]
2020-09-21 00:54:17.972  INFO 62820 --- [main] org.apache.catalina.core.StandardEngine  : Starting Servlet engine: [Apache Tomcat/9.0.37]
2020-09-21 00:54:18.099  INFO 62820 --- [main] o.a.c.c.C.[Tomcat].[localhost].[/]       : Initializing Spring embedded WebApplicationContext
2020-09-21 00:54:18.099  INFO 62820 --- [main] w.s.c.ServletWebServerApplicationContext : Root WebApplicationContext: initialization completed in 1751 ms
2020-09-21 00:54:18.726  INFO 62820 --- [main] pertySourcedRequestMappingHandlerMapping : Mapped URL path [/v2/api-docs] onto method [springfox.documentation.swagger2.web.Swagger2Controller#getDocumentation(String, HttpServletRequest)]
2020-09-21 00:54:18.853  INFO 62820 --- [main] o.s.s.concurrent.ThreadPoolTaskExecutor  : Initializing ExecutorService 'applicationTaskExecutor'
2020-09-21 00:54:19.310  INFO 62820 --- [main] o.s.b.w.embedded.tomcat.TomcatWebServer  : Tomcat started on port(s): 51304 (http) with context path ''
2020-09-21 00:54:19.311  INFO 62820 --- [main] d.s.w.p.DocumentationPluginsBootstrapper : Context refreshed
2020-09-21 00:54:19.334  INFO 62820 --- [main] d.s.w.p.DocumentationPluginsBootstrapper : Found 1 custom documentation plugin(s)
2020-09-21 00:54:19.375  INFO 62820 --- [main] s.d.s.w.s.ApiListingReferenceScanner     : Scanning for api listing references
2020-09-21 00:54:19.488  INFO 62820 --- [main] .d.s.w.r.o.CachingOperationNameGenerator : Generating unique operation named: createMultiSheetExcelUsingPOST_1
2020-09-21 00:54:19.530  INFO 62820 --- [main] c.a.e.r.ReportingSystemApplicationTests  : Started ReportingSystemApplicationTests in 9.072 seconds (JVM running for 10.597)
2020-09-21 00:54:21.643  INFO 62820 --- [SpringContextShutdownHook] o.s.s.concurrent.ThreadPoolTaskExecutor  : Shutting down ExecutorService 'applicationTaskExecutor'
2020-09-21 00:55:23.424  WARN 62827 --- [main] ory$DuplicateJsonObjectContextCustomizer : 

Found multiple occurrences of org.json.JSONObject on the class path:

	jar:file:/Users/yifengzhang/.m2/repository/com/vaadin/external/google/android-json/0.0.20131108.vaadin1/android-json-0.0.20131108.vaadin1.jar!/org/json/JSONObject.class
	jar:file:/Users/yifengzhang/.m2/repository/org/json/json/20180813/json-20180813.jar!/org/json/JSONObject.class

You may wish to exclude one of them to ensure predictable runtime behavior

2020-09-21 00:55:23.440  INFO 62827 --- [main] c.a.e.r.ReportingSystemApplicationTests  : Starting ReportingSystemApplicationTests on Yifengs-MacBook-Pro.local with PID 62827 (started by yifengzhang in /Users/yifengzhang/Desktop/Antra/reporting_system)
2020-09-21 00:55:23.441  INFO 62827 --- [main] c.a.e.r.ReportingSystemApplicationTests  : No active profile set, falling back to default profiles: default
2020-09-21 00:55:25.658  INFO 62827 --- [main] o.s.b.w.embedded.tomcat.TomcatWebServer  : Tomcat initialized with port(s): 0 (http)
2020-09-21 00:55:25.674  INFO 62827 --- [main] o.apache.catalina.core.StandardService   : Starting service [Tomcat]
2020-09-21 00:55:25.674  INFO 62827 --- [main] org.apache.catalina.core.StandardEngine  : Starting Servlet engine: [Apache Tomcat/9.0.37]
2020-09-21 00:55:25.796  INFO 62827 --- [main] o.a.c.c.C.[Tomcat].[localhost].[/]       : Initializing Spring embedded WebApplicationContext
2020-09-21 00:55:25.797  INFO 62827 --- [main] w.s.c.ServletWebServerApplicationContext : Root WebApplicationContext: initialization completed in 1856 ms
2020-09-21 00:55:26.484  INFO 62827 --- [main] pertySourcedRequestMappingHandlerMapping : Mapped URL path [/v2/api-docs] onto method [springfox.documentation.swagger2.web.Swagger2Controller#getDocumentation(String, HttpServletRequest)]
2020-09-21 00:55:26.623  INFO 62827 --- [main] o.s.s.concurrent.ThreadPoolTaskExecutor  : Initializing ExecutorService 'applicationTaskExecutor'
2020-09-21 00:55:27.151  INFO 62827 --- [main] o.s.b.w.embedded.tomcat.TomcatWebServer  : Tomcat started on port(s): 51314 (http) with context path ''
2020-09-21 00:55:27.152  INFO 62827 --- [main] d.s.w.p.DocumentationPluginsBootstrapper : Context refreshed
2020-09-21 00:55:27.173  INFO 62827 --- [main] d.s.w.p.DocumentationPluginsBootstrapper : Found 1 custom documentation plugin(s)
2020-09-21 00:55:27.209  INFO 62827 --- [main] s.d.s.w.s.ApiListingReferenceScanner     : Scanning for api listing references
2020-09-21 00:55:27.391  INFO 62827 --- [main] .d.s.w.r.o.CachingOperationNameGenerator : Generating unique operation named: createMultiSheetExcelUsingPOST_1
2020-09-21 00:55:27.432  INFO 62827 --- [main] c.a.e.r.ReportingSystemApplicationTests  : Started ReportingSystemApplicationTests in 9.354 seconds (JVM running for 11.902)
2020-09-21 00:55:29.835  INFO 62827 --- [SpringContextShutdownHook] o.s.s.concurrent.ThreadPoolTaskExecutor  : Shutting down ExecutorService 'applicationTaskExecutor'
2020-09-21 00:55:43.070  INFO 62839 --- [restartedMain] c.a.e.r.ReportingSystemApplication       : Starting ReportingSystemApplication on Yifengs-MacBook-Pro.local with PID 62839 (/Users/yifengzhang/Desktop/Antra/reporting_system/target/classes started by yifengzhang in /Users/yifengzhang/Desktop/Antra/reporting_system)
2020-09-21 00:55:43.075  INFO 62839 --- [restartedMain] c.a.e.r.ReportingSystemApplication       : No active profile set, falling back to default profiles: default
2020-09-21 00:55:43.129  INFO 62839 --- [restartedMain] .e.DevToolsPropertyDefaultsPostProcessor : Devtools property defaults active! Set 'spring.devtools.add-properties' to 'false' to disable
2020-09-21 00:55:43.129  INFO 62839 --- [restartedMain] .e.DevToolsPropertyDefaultsPostProcessor : For additional web related logging consider setting the 'logging.level.web' property to 'DEBUG'
2020-09-21 00:55:44.654  INFO 62839 --- [restartedMain] o.s.b.w.embedded.tomcat.TomcatWebServer  : Tomcat initialized with port(s): 8080 (http)
2020-09-21 00:55:44.662  INFO 62839 --- [restartedMain] o.apache.catalina.core.StandardService   : Starting service [Tomcat]
2020-09-21 00:55:44.663  INFO 62839 --- [restartedMain] org.apache.catalina.core.StandardEngine  : Starting Servlet engine: [Apache Tomcat/9.0.37]
2020-09-21 00:55:44.741  INFO 62839 --- [restartedMain] o.a.c.c.C.[Tomcat].[localhost].[/]       : Initializing Spring embedded WebApplicationContext
2020-09-21 00:55:44.741  INFO 62839 --- [restartedMain] w.s.c.ServletWebServerApplicationContext : Root WebApplicationContext: initialization completed in 1612 ms
2020-09-21 00:55:45.100  INFO 62839 --- [restartedMain] pertySourcedRequestMappingHandlerMapping : Mapped URL path [/v2/api-docs] onto method [springfox.documentation.swagger2.web.Swagger2Controller#getDocumentation(String, HttpServletRequest)]
2020-09-21 00:55:45.158  INFO 62839 --- [restartedMain] o.s.s.concurrent.ThreadPoolTaskExecutor  : Initializing ExecutorService 'applicationTaskExecutor'
2020-09-21 00:55:45.190  INFO 62839 --- [restartedMain] o.s.b.d.a.OptionalLiveReloadServer       : LiveReload server is running on port 35729
2020-09-21 00:55:45.289  INFO 62839 --- [restartedMain] o.s.b.w.embedded.tomcat.TomcatWebServer  : Tomcat started on port(s): 8080 (http) with context path ''
2020-09-21 00:55:45.290  INFO 62839 --- [restartedMain] d.s.w.p.DocumentationPluginsBootstrapper : Context refreshed
2020-09-21 00:55:45.305  INFO 62839 --- [restartedMain] d.s.w.p.DocumentationPluginsBootstrapper : Found 1 custom documentation plugin(s)
2020-09-21 00:55:45.332  INFO 62839 --- [restartedMain] s.d.s.w.s.ApiListingReferenceScanner     : Scanning for api listing references
2020-09-21 00:55:45.427  INFO 62839 --- [restartedMain] .d.s.w.r.o.CachingOperationNameGenerator : Generating unique operation named: createMultiSheetExcelUsingPOST_1
2020-09-21 00:55:45.456  INFO 62839 --- [restartedMain] c.a.e.r.ReportingSystemApplication       : Started ReportingSystemApplication in 2.821 seconds (JVM running for 8.797)
2020-09-21 01:00:05.855  INFO 62839 --- [http-nio-8080-exec-2] o.a.c.c.C.[Tomcat].[localhost].[/]       : Initializing Spring DispatcherServlet 'dispatcherServlet'
2020-09-21 01:00:05.857  INFO 62839 --- [http-nio-8080-exec-2] o.s.web.servlet.DispatcherServlet        : Initializing Servlet 'dispatcherServlet'
2020-09-21 01:00:05.865  INFO 62839 --- [http-nio-8080-exec-2] o.s.web.servlet.DispatcherServlet        : Completed initialization in 8 ms
2020-09-21 01:00:07.256  INFO 62839 --- [http-nio-8080-exec-2] c.a.e.r.e.ExcelGenerationController      : save single sheet excel file 
2020-09-21 01:01:21.056  INFO 62839 --- [SpringContextShutdownHook] o.s.s.concurrent.ThreadPoolTaskExecutor  : Shutting down ExecutorService 'applicationTaskExecutor'
2020-09-21 01:01:32.477  INFO 62893 --- [restartedMain] c.a.e.r.ReportingSystemApplication       : Starting ReportingSystemApplication on Yifengs-MacBook-Pro.local with PID 62893 (/Users/yifengzhang/Desktop/Antra/reporting_system/target/classes started by yifengzhang in /Users/yifengzhang/Desktop/Antra/reporting_system)
2020-09-21 01:01:32.479  INFO 62893 --- [restartedMain] c.a.e.r.ReportingSystemApplication       : No active profile set, falling back to default profiles: default
2020-09-21 01:01:32.522  INFO 62893 --- [restartedMain] .e.DevToolsPropertyDefaultsPostProcessor : Devtools property defaults active! Set 'spring.devtools.add-properties' to 'false' to disable
2020-09-21 01:01:32.522  INFO 62893 --- [restartedMain] .e.DevToolsPropertyDefaultsPostProcessor : For additional web related logging consider setting the 'logging.level.web' property to 'DEBUG'
2020-09-21 01:01:33.814  INFO 62893 --- [restartedMain] o.s.b.w.embedded.tomcat.TomcatWebServer  : Tomcat initialized with port(s): 8080 (http)
2020-09-21 01:01:33.830  INFO 62893 --- [restartedMain] o.apache.catalina.core.StandardService   : Starting service [Tomcat]
2020-09-21 01:01:33.831  INFO 62893 --- [restartedMain] org.apache.catalina.core.StandardEngine  : Starting Servlet engine: [Apache Tomcat/9.0.37]
2020-09-21 01:01:33.998  INFO 62893 --- [restartedMain] o.a.c.c.C.[Tomcat].[localhost].[/]       : Initializing Spring embedded WebApplicationContext
2020-09-21 01:01:33.998  INFO 62893 --- [restartedMain] w.s.c.ServletWebServerApplicationContext : Root WebApplicationContext: initialization completed in 1476 ms
2020-09-21 01:01:34.431  INFO 62893 --- [restartedMain] pertySourcedRequestMappingHandlerMapping : Mapped URL path [/v2/api-docs] onto method [springfox.documentation.swagger2.web.Swagger2Controller#getDocumentation(String, HttpServletRequest)]
2020-09-21 01:01:34.496  INFO 62893 --- [restartedMain] o.s.s.concurrent.ThreadPoolTaskExecutor  : Initializing ExecutorService 'applicationTaskExecutor'
2020-09-21 01:01:34.528  INFO 62893 --- [restartedMain] o.s.b.d.a.OptionalLiveReloadServer       : LiveReload server is running on port 35729
2020-09-21 01:01:34.638  INFO 62893 --- [restartedMain] o.s.b.w.embedded.tomcat.TomcatWebServer  : Tomcat started on port(s): 8080 (http) with context path ''
2020-09-21 01:01:34.640  INFO 62893 --- [restartedMain] d.s.w.p.DocumentationPluginsBootstrapper : Context refreshed
2020-09-21 01:01:34.655  INFO 62893 --- [restartedMain] d.s.w.p.DocumentationPluginsBootstrapper : Found 1 custom documentation plugin(s)
2020-09-21 01:01:34.677  INFO 62893 --- [restartedMain] s.d.s.w.s.ApiListingReferenceScanner     : Scanning for api listing references
2020-09-21 01:01:34.764  INFO 62893 --- [restartedMain] .d.s.w.r.o.CachingOperationNameGenerator : Generating unique operation named: createMultiSheetExcelUsingPOST_1
2020-09-21 01:01:34.794  INFO 62893 --- [restartedMain] c.a.e.r.ReportingSystemApplication       : Started ReportingSystemApplication in 2.69 seconds (JVM running for 8.405)
2020-09-21 01:01:41.681  INFO 62893 --- [http-nio-8080-exec-2] o.a.c.c.C.[Tomcat].[localhost].[/]       : Initializing Spring DispatcherServlet 'dispatcherServlet'
2020-09-21 01:01:41.683  INFO 62893 --- [http-nio-8080-exec-2] o.s.web.servlet.DispatcherServlet        : Initializing Servlet 'dispatcherServlet'
2020-09-21 01:01:41.690  INFO 62893 --- [http-nio-8080-exec-2] o.s.web.servlet.DispatcherServlet        : Completed initialization in 6 ms
2020-09-21 01:01:43.146  INFO 62893 --- [http-nio-8080-exec-2] c.a.e.r.e.ExcelGenerationController      : save single sheet excel file 
2020-09-21 01:03:56.603  INFO 62893 --- [SpringContextShutdownHook] o.s.s.concurrent.ThreadPoolTaskExecutor  : Shutting down ExecutorService 'applicationTaskExecutor'
2020-09-21 01:04:06.987  INFO 62906 --- [restartedMain] c.a.e.r.ReportingSystemApplication       : Starting ReportingSystemApplication on Yifengs-MacBook-Pro.local with PID 62906 (/Users/yifengzhang/Desktop/Antra/reporting_system/target/classes started by yifengzhang in /Users/yifengzhang/Desktop/Antra/reporting_system)
2020-09-21 01:04:06.990  INFO 62906 --- [restartedMain] c.a.e.r.ReportingSystemApplication       : No active profile set, falling back to default profiles: default
2020-09-21 01:04:07.032  INFO 62906 --- [restartedMain] .e.DevToolsPropertyDefaultsPostProcessor : Devtools property defaults active! Set 'spring.devtools.add-properties' to 'false' to disable
2020-09-21 01:04:07.032  INFO 62906 --- [restartedMain] .e.DevToolsPropertyDefaultsPostProcessor : For additional web related logging consider setting the 'logging.level.web' property to 'DEBUG'
2020-09-21 01:04:08.395  INFO 62906 --- [restartedMain] o.s.b.w.embedded.tomcat.TomcatWebServer  : Tomcat initialized with port(s): 8080 (http)
2020-09-21 01:04:08.407  INFO 62906 --- [restartedMain] o.apache.catalina.core.StandardService   : Starting service [Tomcat]
2020-09-21 01:04:08.408  INFO 62906 --- [restartedMain] org.apache.catalina.core.StandardEngine  : Starting Servlet engine: [Apache Tomcat/9.0.37]
2020-09-21 01:04:08.508  INFO 62906 --- [restartedMain] o.a.c.c.C.[Tomcat].[localhost].[/]       : Initializing Spring embedded WebApplicationContext
2020-09-21 01:04:08.509  INFO 62906 --- [restartedMain] w.s.c.ServletWebServerApplicationContext : Root WebApplicationContext: initialization completed in 1477 ms
2020-09-21 01:04:08.913  INFO 62906 --- [restartedMain] pertySourcedRequestMappingHandlerMapping : Mapped URL path [/v2/api-docs] onto method [springfox.documentation.swagger2.web.Swagger2Controller#getDocumentation(String, HttpServletRequest)]
2020-09-21 01:04:08.970  INFO 62906 --- [restartedMain] o.s.s.concurrent.ThreadPoolTaskExecutor  : Initializing ExecutorService 'applicationTaskExecutor'
2020-09-21 01:04:09.002  INFO 62906 --- [restartedMain] o.s.b.d.a.OptionalLiveReloadServer       : LiveReload server is running on port 35729
2020-09-21 01:04:09.103  INFO 62906 --- [restartedMain] o.s.b.w.embedded.tomcat.TomcatWebServer  : Tomcat started on port(s): 8080 (http) with context path ''
2020-09-21 01:04:09.104  INFO 62906 --- [restartedMain] d.s.w.p.DocumentationPluginsBootstrapper : Context refreshed
2020-09-21 01:04:09.118  INFO 62906 --- [restartedMain] d.s.w.p.DocumentationPluginsBootstrapper : Found 1 custom documentation plugin(s)
2020-09-21 01:04:09.145  INFO 62906 --- [restartedMain] s.d.s.w.s.ApiListingReferenceScanner     : Scanning for api listing references
2020-09-21 01:04:09.241  INFO 62906 --- [restartedMain] .d.s.w.r.o.CachingOperationNameGenerator : Generating unique operation named: createMultiSheetExcelUsingPOST_1
2020-09-21 01:04:09.269  INFO 62906 --- [restartedMain] c.a.e.r.ReportingSystemApplication       : Started ReportingSystemApplication in 2.639 seconds (JVM running for 8.403)
2020-09-21 01:04:16.061  INFO 62906 --- [http-nio-8080-exec-2] o.a.c.c.C.[Tomcat].[localhost].[/]       : Initializing Spring DispatcherServlet 'dispatcherServlet'
2020-09-21 01:04:16.062  INFO 62906 --- [http-nio-8080-exec-2] o.s.web.servlet.DispatcherServlet        : Initializing Servlet 'dispatcherServlet'
2020-09-21 01:04:16.071  INFO 62906 --- [http-nio-8080-exec-2] o.s.web.servlet.DispatcherServlet        : Completed initialization in 7 ms
2020-09-21 01:04:17.585  INFO 62906 --- [http-nio-8080-exec-2] c.a.e.r.e.ExcelGenerationController      : save single sheet excel file 
2020-09-21 01:05:28.281  INFO 62906 --- [SpringContextShutdownHook] o.s.s.concurrent.ThreadPoolTaskExecutor  : Shutting down ExecutorService 'applicationTaskExecutor'
2020-09-21 01:05:39.110  INFO 62918 --- [restartedMain] c.a.e.r.ReportingSystemApplication       : Starting ReportingSystemApplication on Yifengs-MacBook-Pro.local with PID 62918 (/Users/yifengzhang/Desktop/Antra/reporting_system/target/classes started by yifengzhang in /Users/yifengzhang/Desktop/Antra/reporting_system)
2020-09-21 01:05:39.113  INFO 62918 --- [restartedMain] c.a.e.r.ReportingSystemApplication       : No active profile set, falling back to default profiles: default
2020-09-21 01:05:39.152  INFO 62918 --- [restartedMain] .e.DevToolsPropertyDefaultsPostProcessor : Devtools property defaults active! Set 'spring.devtools.add-properties' to 'false' to disable
2020-09-21 01:05:39.153  INFO 62918 --- [restartedMain] .e.DevToolsPropertyDefaultsPostProcessor : For additional web related logging consider setting the 'logging.level.web' property to 'DEBUG'
2020-09-21 01:05:40.847  INFO 62918 --- [restartedMain] o.s.b.w.embedded.tomcat.TomcatWebServer  : Tomcat initialized with port(s): 8080 (http)
2020-09-21 01:05:40.855  INFO 62918 --- [restartedMain] o.apache.catalina.core.StandardService   : Starting service [Tomcat]
2020-09-21 01:05:40.856  INFO 62918 --- [restartedMain] org.apache.catalina.core.StandardEngine  : Starting Servlet engine: [Apache Tomcat/9.0.37]
2020-09-21 01:05:40.964  INFO 62918 --- [restartedMain] o.a.c.c.C.[Tomcat].[localhost].[/]       : Initializing Spring embedded WebApplicationContext
2020-09-21 01:05:40.965  INFO 62918 --- [restartedMain] w.s.c.ServletWebServerApplicationContext : Root WebApplicationContext: initialization completed in 1811 ms
2020-09-21 01:05:41.377  INFO 62918 --- [restartedMain] pertySourcedRequestMappingHandlerMapping : Mapped URL path [/v2/api-docs] onto method [springfox.documentation.swagger2.web.Swagger2Controller#getDocumentation(String, HttpServletRequest)]
2020-09-21 01:05:41.434  INFO 62918 --- [restartedMain] o.s.s.concurrent.ThreadPoolTaskExecutor  : Initializing ExecutorService 'applicationTaskExecutor'
2020-09-21 01:05:41.466  INFO 62918 --- [restartedMain] o.s.b.d.a.OptionalLiveReloadServer       : LiveReload server is running on port 35729
2020-09-21 01:05:41.577  INFO 62918 --- [restartedMain] o.s.b.w.embedded.tomcat.TomcatWebServer  : Tomcat started on port(s): 8080 (http) with context path ''
2020-09-21 01:05:41.579  INFO 62918 --- [restartedMain] d.s.w.p.DocumentationPluginsBootstrapper : Context refreshed
2020-09-21 01:05:41.604  INFO 62918 --- [restartedMain] d.s.w.p.DocumentationPluginsBootstrapper : Found 1 custom documentation plugin(s)
2020-09-21 01:05:41.632  INFO 62918 --- [restartedMain] s.d.s.w.s.ApiListingReferenceScanner     : Scanning for api listing references
2020-09-21 01:05:41.726  INFO 62918 --- [restartedMain] .d.s.w.r.o.CachingOperationNameGenerator : Generating unique operation named: createMultiSheetExcelUsingPOST_1
2020-09-21 01:05:41.751  INFO 62918 --- [restartedMain] c.a.e.r.ReportingSystemApplication       : Started ReportingSystemApplication in 3.155 seconds (JVM running for 9.011)
2020-09-21 01:05:56.451  INFO 62918 --- [http-nio-8080-exec-2] o.a.c.c.C.[Tomcat].[localhost].[/]       : Initializing Spring DispatcherServlet 'dispatcherServlet'
2020-09-21 01:05:56.454  INFO 62918 --- [http-nio-8080-exec-2] o.s.web.servlet.DispatcherServlet        : Initializing Servlet 'dispatcherServlet'
2020-09-21 01:05:56.460  INFO 62918 --- [http-nio-8080-exec-2] o.s.web.servlet.DispatcherServlet        : Completed initialization in 6 ms
2020-09-21 01:06:55.778  INFO 62918 --- [http-nio-8080-exec-4] c.a.e.r.e.ExcelGenerationController      : save single sheet excel file 
2020-09-21 01:07:42.023  INFO 62918 --- [http-nio-8080-exec-6] c.a.e.r.e.ExcelGenerationController      : save single sheet excel file 
2020-09-21 01:07:45.473  INFO 62918 --- [http-nio-8080-exec-7] c.a.e.r.e.ExcelGenerationController      : save single sheet excel file 
2020-09-21 01:09:39.698  INFO 62918 --- [SpringContextShutdownHook] o.s.s.concurrent.ThreadPoolTaskExecutor  : Shutting down ExecutorService 'applicationTaskExecutor'
2020-09-21 01:09:51.285  INFO 62949 --- [restartedMain] c.a.e.r.ReportingSystemApplication       : Starting ReportingSystemApplication on Yifengs-MacBook-Pro.local with PID 62949 (/Users/yifengzhang/Desktop/Antra/reporting_system/target/classes started by yifengzhang in /Users/yifengzhang/Desktop/Antra/reporting_system)
2020-09-21 01:09:51.289  INFO 62949 --- [restartedMain] c.a.e.r.ReportingSystemApplication       : No active profile set, falling back to default profiles: default
2020-09-21 01:09:51.332  INFO 62949 --- [restartedMain] .e.DevToolsPropertyDefaultsPostProcessor : Devtools property defaults active! Set 'spring.devtools.add-properties' to 'false' to disable
2020-09-21 01:09:51.332  INFO 62949 --- [restartedMain] .e.DevToolsPropertyDefaultsPostProcessor : For additional web related logging consider setting the 'logging.level.web' property to 'DEBUG'
2020-09-21 01:09:52.672  INFO 62949 --- [restartedMain] o.s.b.w.embedded.tomcat.TomcatWebServer  : Tomcat initialized with port(s): 8080 (http)
2020-09-21 01:09:52.680  INFO 62949 --- [restartedMain] o.apache.catalina.core.StandardService   : Starting service [Tomcat]
2020-09-21 01:09:52.680  INFO 62949 --- [restartedMain] org.apache.catalina.core.StandardEngine  : Starting Servlet engine: [Apache Tomcat/9.0.37]
2020-09-21 01:09:52.746  INFO 62949 --- [restartedMain] o.a.c.c.C.[Tomcat].[localhost].[/]       : Initializing Spring embedded WebApplicationContext
2020-09-21 01:09:52.746  INFO 62949 --- [restartedMain] w.s.c.ServletWebServerApplicationContext : Root WebApplicationContext: initialization completed in 1413 ms
2020-09-21 01:09:53.109  INFO 62949 --- [restartedMain] pertySourcedRequestMappingHandlerMapping : Mapped URL path [/v2/api-docs] onto method [springfox.documentation.swagger2.web.Swagger2Controller#getDocumentation(String, HttpServletRequest)]
2020-09-21 01:09:53.171  INFO 62949 --- [restartedMain] o.s.s.concurrent.ThreadPoolTaskExecutor  : Initializing ExecutorService 'applicationTaskExecutor'
2020-09-21 01:09:53.202  INFO 62949 --- [restartedMain] o.s.b.d.a.OptionalLiveReloadServer       : LiveReload server is running on port 35729
2020-09-21 01:09:53.296  INFO 62949 --- [restartedMain] o.s.b.w.embedded.tomcat.TomcatWebServer  : Tomcat started on port(s): 8080 (http) with context path ''
2020-09-21 01:09:53.298  INFO 62949 --- [restartedMain] d.s.w.p.DocumentationPluginsBootstrapper : Context refreshed
2020-09-21 01:09:53.311  INFO 62949 --- [restartedMain] d.s.w.p.DocumentationPluginsBootstrapper : Found 1 custom documentation plugin(s)
2020-09-21 01:09:53.340  INFO 62949 --- [restartedMain] s.d.s.w.s.ApiListingReferenceScanner     : Scanning for api listing references
2020-09-21 01:09:53.433  INFO 62949 --- [restartedMain] .d.s.w.r.o.CachingOperationNameGenerator : Generating unique operation named: createMultiSheetExcelUsingPOST_1
2020-09-21 01:09:53.463  INFO 62949 --- [restartedMain] c.a.e.r.ReportingSystemApplication       : Started ReportingSystemApplication in 2.544 seconds (JVM running for 8.331)
2020-09-21 01:09:59.800  INFO 62949 --- [http-nio-8080-exec-1] o.a.c.c.C.[Tomcat].[localhost].[/]       : Initializing Spring DispatcherServlet 'dispatcherServlet'
2020-09-21 01:09:59.801  INFO 62949 --- [http-nio-8080-exec-1] o.s.web.servlet.DispatcherServlet        : Initializing Servlet 'dispatcherServlet'
2020-09-21 01:09:59.808  INFO 62949 --- [http-nio-8080-exec-1] o.s.web.servlet.DispatcherServlet        : Completed initialization in 7 ms
2020-09-21 01:10:01.293  INFO 62949 --- [http-nio-8080-exec-1] c.a.e.r.e.ExcelGenerationController      : save multi-sheet excel file/Users/yifengzhang/Desktop/Antra/reporting_system/report6.xlsx
2020-09-21 01:11:01.486  INFO 62949 --- [SpringContextShutdownHook] o.s.s.concurrent.ThreadPoolTaskExecutor  : Shutting down ExecutorService 'applicationTaskExecutor'
2020-09-21 01:11:12.767  INFO 62966 --- [restartedMain] c.a.e.r.ReportingSystemApplication       : Starting ReportingSystemApplication on Yifengs-MacBook-Pro.local with PID 62966 (/Users/yifengzhang/Desktop/Antra/reporting_system/target/classes started by yifengzhang in /Users/yifengzhang/Desktop/Antra/reporting_system)
2020-09-21 01:11:12.770  INFO 62966 --- [restartedMain] c.a.e.r.ReportingSystemApplication       : No active profile set, falling back to default profiles: default
2020-09-21 01:11:12.826  INFO 62966 --- [restartedMain] .e.DevToolsPropertyDefaultsPostProcessor : Devtools property defaults active! Set 'spring.devtools.add-properties' to 'false' to disable
2020-09-21 01:11:12.826  INFO 62966 --- [restartedMain] .e.DevToolsPropertyDefaultsPostProcessor : For additional web related logging consider setting the 'logging.level.web' property to 'DEBUG'
2020-09-21 01:11:14.787  INFO 62966 --- [restartedMain] o.s.b.w.embedded.tomcat.TomcatWebServer  : Tomcat initialized with port(s): 8080 (http)
2020-09-21 01:11:14.801  INFO 62966 --- [restartedMain] o.apache.catalina.core.StandardService   : Starting service [Tomcat]
2020-09-21 01:11:14.802  INFO 62966 --- [restartedMain] org.apache.catalina.core.StandardEngine  : Starting Servlet engine: [Apache Tomcat/9.0.37]
2020-09-21 01:11:14.879  INFO 62966 --- [restartedMain] o.a.c.c.C.[Tomcat].[localhost].[/]       : Initializing Spring embedded WebApplicationContext
2020-09-21 01:11:14.879  INFO 62966 --- [restartedMain] w.s.c.ServletWebServerApplicationContext : Root WebApplicationContext: initialization completed in 2052 ms
2020-09-21 01:11:15.286  INFO 62966 --- [restartedMain] pertySourcedRequestMappingHandlerMapping : Mapped URL path [/v2/api-docs] onto method [springfox.documentation.swagger2.web.Swagger2Controller#getDocumentation(String, HttpServletRequest)]
2020-09-21 01:11:15.349  INFO 62966 --- [restartedMain] o.s.s.concurrent.ThreadPoolTaskExecutor  : Initializing ExecutorService 'applicationTaskExecutor'
2020-09-21 01:11:15.381  INFO 62966 --- [restartedMain] o.s.b.d.a.OptionalLiveReloadServer       : LiveReload server is running on port 35729
2020-09-21 01:11:15.520  INFO 62966 --- [restartedMain] o.s.b.w.embedded.tomcat.TomcatWebServer  : Tomcat started on port(s): 8080 (http) with context path ''
2020-09-21 01:11:15.521  INFO 62966 --- [restartedMain] d.s.w.p.DocumentationPluginsBootstrapper : Context refreshed
2020-09-21 01:11:15.537  INFO 62966 --- [restartedMain] d.s.w.p.DocumentationPluginsBootstrapper : Found 1 custom documentation plugin(s)
2020-09-21 01:11:15.570  INFO 62966 --- [restartedMain] s.d.s.w.s.ApiListingReferenceScanner     : Scanning for api listing references
2020-09-21 01:11:15.704  INFO 62966 --- [restartedMain] .d.s.w.r.o.CachingOperationNameGenerator : Generating unique operation named: createMultiSheetExcelUsingPOST_1
2020-09-21 01:11:15.750  INFO 62966 --- [restartedMain] c.a.e.r.ReportingSystemApplication       : Started ReportingSystemApplication in 3.301 seconds (JVM running for 9.207)
2020-09-21 01:11:23.951  INFO 62966 --- [SpringContextShutdownHook] o.s.s.concurrent.ThreadPoolTaskExecutor  : Shutting down ExecutorService 'applicationTaskExecutor'
2020-09-21 01:11:34.795  INFO 62976 --- [restartedMain] c.a.e.r.ReportingSystemApplication       : Starting ReportingSystemApplication on Yifengs-MacBook-Pro.local with PID 62976 (/Users/yifengzhang/Desktop/Antra/reporting_system/target/classes started by yifengzhang in /Users/yifengzhang/Desktop/Antra/reporting_system)
2020-09-21 01:11:34.797  INFO 62976 --- [restartedMain] c.a.e.r.ReportingSystemApplication       : No active profile set, falling back to default profiles: default
2020-09-21 01:11:34.831  INFO 62976 --- [restartedMain] .e.DevToolsPropertyDefaultsPostProcessor : Devtools property defaults active! Set 'spring.devtools.add-properties' to 'false' to disable
2020-09-21 01:11:34.831  INFO 62976 --- [restartedMain] .e.DevToolsPropertyDefaultsPostProcessor : For additional web related logging consider setting the 'logging.level.web' property to 'DEBUG'
2020-09-21 01:11:36.463  INFO 62976 --- [restartedMain] o.s.b.w.embedded.tomcat.TomcatWebServer  : Tomcat initialized with port(s): 8080 (http)
2020-09-21 01:11:36.473  INFO 62976 --- [restartedMain] o.apache.catalina.core.StandardService   : Starting service [Tomcat]
2020-09-21 01:11:36.473  INFO 62976 --- [restartedMain] org.apache.catalina.core.StandardEngine  : Starting Servlet engine: [Apache Tomcat/9.0.37]
2020-09-21 01:11:36.561  INFO 62976 --- [restartedMain] o.a.c.c.C.[Tomcat].[localhost].[/]       : Initializing Spring embedded WebApplicationContext
2020-09-21 01:11:36.561  INFO 62976 --- [restartedMain] w.s.c.ServletWebServerApplicationContext : Root WebApplicationContext: initialization completed in 1729 ms
2020-09-21 01:11:37.082  INFO 62976 --- [restartedMain] pertySourcedRequestMappingHandlerMapping : Mapped URL path [/v2/api-docs] onto method [springfox.documentation.swagger2.web.Swagger2Controller#getDocumentation(String, HttpServletRequest)]
2020-09-21 01:11:37.164  INFO 62976 --- [restartedMain] o.s.s.concurrent.ThreadPoolTaskExecutor  : Initializing ExecutorService 'applicationTaskExecutor'
2020-09-21 01:11:37.202  INFO 62976 --- [restartedMain] o.s.b.d.a.OptionalLiveReloadServer       : LiveReload server is running on port 35729
2020-09-21 01:11:37.342  INFO 62976 --- [restartedMain] o.s.b.w.embedded.tomcat.TomcatWebServer  : Tomcat started on port(s): 8080 (http) with context path ''
2020-09-21 01:11:37.344  INFO 62976 --- [restartedMain] d.s.w.p.DocumentationPluginsBootstrapper : Context refreshed
2020-09-21 01:11:37.356  INFO 62976 --- [restartedMain] d.s.w.p.DocumentationPluginsBootstrapper : Found 1 custom documentation plugin(s)
2020-09-21 01:11:37.383  INFO 62976 --- [restartedMain] s.d.s.w.s.ApiListingReferenceScanner     : Scanning for api listing references
2020-09-21 01:11:37.475  INFO 62976 --- [restartedMain] .d.s.w.r.o.CachingOperationNameGenerator : Generating unique operation named: createMultiSheetExcelUsingPOST_1
2020-09-21 01:11:37.511  INFO 62976 --- [restartedMain] c.a.e.r.ReportingSystemApplication       : Started ReportingSystemApplication in 2.967 seconds (JVM running for 8.955)
2020-09-21 01:12:19.589  INFO 62976 --- [http-nio-8080-exec-1] o.a.c.c.C.[Tomcat].[localhost].[/]       : Initializing Spring DispatcherServlet 'dispatcherServlet'
2020-09-21 01:12:19.590  INFO 62976 --- [http-nio-8080-exec-1] o.s.web.servlet.DispatcherServlet        : Initializing Servlet 'dispatcherServlet'
2020-09-21 01:12:19.597  INFO 62976 --- [http-nio-8080-exec-1] o.s.web.servlet.DispatcherServlet        : Completed initialization in 6 ms
2020-09-21 01:12:20.985  INFO 62976 --- [http-nio-8080-exec-1] c.a.e.r.e.ExcelGenerationController      : save single sheet excel file 
2020-09-21 01:12:46.447  INFO 62976 --- [http-nio-8080-exec-6] c.a.e.r.e.ExcelGenerationController      : save single sheet excel file 
2020-09-21 01:13:09.032  INFO 62976 --- [http-nio-8080-exec-8] c.a.e.r.e.ExcelGenerationController      : save multi-sheet excel file/Users/yifengzhang/Desktop/Antra/reporting_system/report6.xlsx
2020-09-21 01:13:22.292  INFO 62976 --- [http-nio-8080-exec-9] c.a.e.r.e.ExcelGenerationController      : save multi-sheet excel file/Users/yifengzhang/Desktop/Antra/reporting_system/report7.xlsx
2020-09-21 01:13:26.354  WARN 62976 --- [http-nio-8080-exec-10] .w.s.m.s.DefaultHandlerExceptionResolver : Resolved [org.springframework.web.HttpRequestMethodNotSupportedException: Request method 'GET' not supported]
2020-09-21 01:13:46.912  INFO 62976 --- [SpringContextShutdownHook] o.s.s.concurrent.ThreadPoolTaskExecutor  : Shutting down ExecutorService 'applicationTaskExecutor'
2020-09-21 01:13:57.792  INFO 62999 --- [restartedMain] c.a.e.r.ReportingSystemApplication       : Starting ReportingSystemApplication on Yifengs-MacBook-Pro.local with PID 62999 (/Users/yifengzhang/Desktop/Antra/reporting_system/target/classes started by yifengzhang in /Users/yifengzhang/Desktop/Antra/reporting_system)
2020-09-21 01:13:57.794  INFO 62999 --- [restartedMain] c.a.e.r.ReportingSystemApplication       : No active profile set, falling back to default profiles: default
2020-09-21 01:13:57.833  INFO 62999 --- [restartedMain] .e.DevToolsPropertyDefaultsPostProcessor : Devtools property defaults active! Set 'spring.devtools.add-properties' to 'false' to disable
2020-09-21 01:13:57.833  INFO 62999 --- [restartedMain] .e.DevToolsPropertyDefaultsPostProcessor : For additional web related logging consider setting the 'logging.level.web' property to 'DEBUG'
2020-09-21 01:13:59.106  INFO 62999 --- [restartedMain] o.s.b.w.embedded.tomcat.TomcatWebServer  : Tomcat initialized with port(s): 8080 (http)
2020-09-21 01:13:59.116  INFO 62999 --- [restartedMain] o.apache.catalina.core.StandardService   : Starting service [Tomcat]
2020-09-21 01:13:59.116  INFO 62999 --- [restartedMain] org.apache.catalina.core.StandardEngine  : Starting Servlet engine: [Apache Tomcat/9.0.37]
2020-09-21 01:13:59.200  INFO 62999 --- [restartedMain] o.a.c.c.C.[Tomcat].[localhost].[/]       : Initializing Spring embedded WebApplicationContext
2020-09-21 01:13:59.200  INFO 62999 --- [restartedMain] w.s.c.ServletWebServerApplicationContext : Root WebApplicationContext: initialization completed in 1366 ms
2020-09-21 01:13:59.659  INFO 62999 --- [restartedMain] pertySourcedRequestMappingHandlerMapping : Mapped URL path [/v2/api-docs] onto method [springfox.documentation.swagger2.web.Swagger2Controller#getDocumentation(String, HttpServletRequest)]
2020-09-21 01:13:59.737  INFO 62999 --- [restartedMain] o.s.s.concurrent.ThreadPoolTaskExecutor  : Initializing ExecutorService 'applicationTaskExecutor'
2020-09-21 01:13:59.791  INFO 62999 --- [restartedMain] o.s.b.d.a.OptionalLiveReloadServer       : LiveReload server is running on port 35729
2020-09-21 01:13:59.946  INFO 62999 --- [restartedMain] o.s.b.w.embedded.tomcat.TomcatWebServer  : Tomcat started on port(s): 8080 (http) with context path ''
2020-09-21 01:13:59.947  INFO 62999 --- [restartedMain] d.s.w.p.DocumentationPluginsBootstrapper : Context refreshed
2020-09-21 01:13:59.966  INFO 62999 --- [restartedMain] d.s.w.p.DocumentationPluginsBootstrapper : Found 1 custom documentation plugin(s)
2020-09-21 01:14:00.009  INFO 62999 --- [restartedMain] s.d.s.w.s.ApiListingReferenceScanner     : Scanning for api listing references
2020-09-21 01:14:00.119  INFO 62999 --- [restartedMain] .d.s.w.r.o.CachingOperationNameGenerator : Generating unique operation named: createMultiSheetExcelUsingPOST_1
2020-09-21 01:14:00.148  INFO 62999 --- [restartedMain] c.a.e.r.ReportingSystemApplication       : Started ReportingSystemApplication in 2.615 seconds (JVM running for 8.587)
2020-09-21 01:14:13.898  INFO 62999 --- [SpringContextShutdownHook] o.s.s.concurrent.ThreadPoolTaskExecutor  : Shutting down ExecutorService 'applicationTaskExecutor'
2020-09-21 01:14:23.332  INFO 63018 --- [restartedMain] c.a.e.r.ReportingSystemApplication       : Starting ReportingSystemApplication on Yifengs-MacBook-Pro.local with PID 63018 (/Users/yifengzhang/Desktop/Antra/reporting_system/target/classes started by yifengzhang in /Users/yifengzhang/Desktop/Antra/reporting_system)
2020-09-21 01:14:23.335  INFO 63018 --- [restartedMain] c.a.e.r.ReportingSystemApplication       : No active profile set, falling back to default profiles: default
2020-09-21 01:14:23.378  INFO 63018 --- [restartedMain] .e.DevToolsPropertyDefaultsPostProcessor : Devtools property defaults active! Set 'spring.devtools.add-properties' to 'false' to disable
2020-09-21 01:14:23.379  INFO 63018 --- [restartedMain] .e.DevToolsPropertyDefaultsPostProcessor : For additional web related logging consider setting the 'logging.level.web' property to 'DEBUG'
2020-09-21 01:14:24.706  INFO 63018 --- [restartedMain] o.s.b.w.embedded.tomcat.TomcatWebServer  : Tomcat initialized with port(s): 8080 (http)
2020-09-21 01:14:24.715  INFO 63018 --- [restartedMain] o.apache.catalina.core.StandardService   : Starting service [Tomcat]
2020-09-21 01:14:24.716  INFO 63018 --- [restartedMain] org.apache.catalina.core.StandardEngine  : Starting Servlet engine: [Apache Tomcat/9.0.37]
2020-09-21 01:14:24.785  INFO 63018 --- [restartedMain] o.a.c.c.C.[Tomcat].[localhost].[/]       : Initializing Spring embedded WebApplicationContext
2020-09-21 01:14:24.785  INFO 63018 --- [restartedMain] w.s.c.ServletWebServerApplicationContext : Root WebApplicationContext: initialization completed in 1406 ms
2020-09-21 01:14:25.147  INFO 63018 --- [restartedMain] pertySourcedRequestMappingHandlerMapping : Mapped URL path [/v2/api-docs] onto method [springfox.documentation.swagger2.web.Swagger2Controller#getDocumentation(String, HttpServletRequest)]
2020-09-21 01:14:25.213  INFO 63018 --- [restartedMain] o.s.s.concurrent.ThreadPoolTaskExecutor  : Initializing ExecutorService 'applicationTaskExecutor'
2020-09-21 01:14:25.244  INFO 63018 --- [restartedMain] o.s.b.d.a.OptionalLiveReloadServer       : LiveReload server is running on port 35729
2020-09-21 01:14:25.340  INFO 63018 --- [restartedMain] o.s.b.w.embedded.tomcat.TomcatWebServer  : Tomcat started on port(s): 8080 (http) with context path ''
2020-09-21 01:14:25.349  INFO 63018 --- [restartedMain] d.s.w.p.DocumentationPluginsBootstrapper : Context refreshed
2020-09-21 01:14:25.363  INFO 63018 --- [restartedMain] d.s.w.p.DocumentationPluginsBootstrapper : Found 1 custom documentation plugin(s)
2020-09-21 01:14:25.390  INFO 63018 --- [restartedMain] s.d.s.w.s.ApiListingReferenceScanner     : Scanning for api listing references
2020-09-21 01:14:25.474  INFO 63018 --- [restartedMain] .d.s.w.r.o.CachingOperationNameGenerator : Generating unique operation named: createMultiSheetExcelUsingPOST_1
2020-09-21 01:14:25.502  INFO 63018 --- [restartedMain] c.a.e.r.ReportingSystemApplication       : Started ReportingSystemApplication in 2.504 seconds (JVM running for 8.318)
2020-09-21 01:14:48.116  INFO 63018 --- [http-nio-8080-exec-2] o.a.c.c.C.[Tomcat].[localhost].[/]       : Initializing Spring DispatcherServlet 'dispatcherServlet'
2020-09-21 01:14:48.119  INFO 63018 --- [http-nio-8080-exec-2] o.s.web.servlet.DispatcherServlet        : Initializing Servlet 'dispatcherServlet'
2020-09-21 01:14:48.125  INFO 63018 --- [http-nio-8080-exec-2] o.s.web.servlet.DispatcherServlet        : Completed initialization in 6 ms
2020-09-21 01:14:49.465  INFO 63018 --- [http-nio-8080-exec-2] c.a.e.r.e.ExcelGenerationController      : save single sheet excel file 
2020-09-21 01:15:03.871  INFO 63018 --- [http-nio-8080-exec-3] c.a.e.r.e.ExcelGenerationController      : save single sheet excel file 
2020-09-21 01:15:15.933  INFO 63018 --- [http-nio-8080-exec-4] c.a.e.r.e.ExcelGenerationController      : save multi-sheet excel file/Users/yifengzhang/Desktop/Antra/reporting_system/report6.xlsx
2020-09-21 01:15:24.164  INFO 63018 --- [http-nio-8080-exec-5] c.a.e.r.e.ExcelGenerationController      : save multi-sheet excel file/Users/yifengzhang/Desktop/Antra/reporting_system/report7.xlsx
2020-09-21 01:16:30.174  INFO 63018 --- [http-nio-8080-exec-8] c.a.e.r.e.ExcelGenerationController      : delete file report1.xlsx
2020-09-21 01:16:59.457  INFO 63018 --- [http-nio-8080-exec-10] c.a.e.r.e.ExcelGenerationController      : download excel file: report2.xlsx
2020-09-21 01:17:34.921  INFO 63018 --- [http-nio-8080-exec-1] c.a.e.r.e.ExcelGenerationController      : save batch files: total 3files
2020-09-21 01:18:17.065  INFO 63018 --- [SpringContextShutdownHook] o.s.s.concurrent.ThreadPoolTaskExecutor  : Shutting down ExecutorService 'applicationTaskExecutor'
2020-09-21 01:18:30.307  INFO 63064 --- [restartedMain] c.a.e.r.ReportingSystemApplication       : Starting ReportingSystemApplication on Yifengs-MacBook-Pro.local with PID 63064 (/Users/yifengzhang/Desktop/Antra/reporting_system/target/classes started by yifengzhang in /Users/yifengzhang/Desktop/Antra/reporting_system)
2020-09-21 01:18:30.326  INFO 63064 --- [restartedMain] c.a.e.r.ReportingSystemApplication       : No active profile set, falling back to default profiles: default
2020-09-21 01:18:30.445  INFO 63064 --- [restartedMain] .e.DevToolsPropertyDefaultsPostProcessor : Devtools property defaults active! Set 'spring.devtools.add-properties' to 'false' to disable
2020-09-21 01:18:30.446  INFO 63064 --- [restartedMain] .e.DevToolsPropertyDefaultsPostProcessor : For additional web related logging consider setting the 'logging.level.web' property to 'DEBUG'
2020-09-21 01:18:32.282  INFO 63064 --- [restartedMain] o.s.b.w.embedded.tomcat.TomcatWebServer  : Tomcat initialized with port(s): 8080 (http)
2020-09-21 01:18:32.290  INFO 63064 --- [restartedMain] o.apache.catalina.core.StandardService   : Starting service [Tomcat]
2020-09-21 01:18:32.291  INFO 63064 --- [restartedMain] org.apache.catalina.core.StandardEngine  : Starting Servlet engine: [Apache Tomcat/9.0.37]
2020-09-21 01:18:32.363  INFO 63064 --- [restartedMain] o.a.c.c.C.[Tomcat].[localhost].[/]       : Initializing Spring embedded WebApplicationContext
2020-09-21 01:18:32.363  INFO 63064 --- [restartedMain] w.s.c.ServletWebServerApplicationContext : Root WebApplicationContext: initialization completed in 1915 ms
2020-09-21 01:18:32.727  INFO 63064 --- [restartedMain] pertySourcedRequestMappingHandlerMapping : Mapped URL path [/v2/api-docs] onto method [springfox.documentation.swagger2.web.Swagger2Controller#getDocumentation(String, HttpServletRequest)]
2020-09-21 01:18:32.784  INFO 63064 --- [restartedMain] o.s.s.concurrent.ThreadPoolTaskExecutor  : Initializing ExecutorService 'applicationTaskExecutor'
2020-09-21 01:18:32.823  INFO 63064 --- [restartedMain] o.s.b.d.a.OptionalLiveReloadServer       : LiveReload server is running on port 35729
2020-09-21 01:18:32.924  INFO 63064 --- [restartedMain] o.s.b.w.embedded.tomcat.TomcatWebServer  : Tomcat started on port(s): 8080 (http) with context path ''
2020-09-21 01:18:32.925  INFO 63064 --- [restartedMain] d.s.w.p.DocumentationPluginsBootstrapper : Context refreshed
2020-09-21 01:18:32.939  INFO 63064 --- [restartedMain] d.s.w.p.DocumentationPluginsBootstrapper : Found 1 custom documentation plugin(s)
2020-09-21 01:18:32.965  INFO 63064 --- [restartedMain] s.d.s.w.s.ApiListingReferenceScanner     : Scanning for api listing references
2020-09-21 01:18:33.067  INFO 63064 --- [restartedMain] .d.s.w.r.o.CachingOperationNameGenerator : Generating unique operation named: createMultiSheetExcelUsingPOST_1
2020-09-21 01:18:33.098  INFO 63064 --- [restartedMain] c.a.e.r.ReportingSystemApplication       : Started ReportingSystemApplication in 3.433 seconds (JVM running for 9.297)
2020-09-21 01:19:13.544  INFO 63064 --- [http-nio-8080-exec-2] o.a.c.c.C.[Tomcat].[localhost].[/]       : Initializing Spring DispatcherServlet 'dispatcherServlet'
2020-09-21 01:19:13.545  INFO 63064 --- [http-nio-8080-exec-2] o.s.web.servlet.DispatcherServlet        : Initializing Servlet 'dispatcherServlet'
2020-09-21 01:19:13.552  INFO 63064 --- [http-nio-8080-exec-2] o.s.web.servlet.DispatcherServlet        : Completed initialization in 7 ms
2020-09-21 01:19:15.041  INFO 63064 --- [http-nio-8080-exec-2] c.a.e.r.e.ExcelGenerationController      : save single sheet excel file 
2020-09-21 01:19:19.971  INFO 63064 --- [http-nio-8080-exec-3] c.a.e.r.e.ExcelGenerationController      : save single sheet excel file 
2020-09-21 01:19:34.304  INFO 63064 --- [http-nio-8080-exec-4] c.a.e.r.e.ExcelGenerationController      : save multi-sheet excel file/Users/yifengzhang/Desktop/Antra/reporting_system/report6.xlsx
2020-09-21 01:19:39.684  INFO 63064 --- [http-nio-8080-exec-5] c.a.e.r.e.ExcelGenerationController      : save multi-sheet excel file/Users/yifengzhang/Desktop/Antra/reporting_system/report7.xlsx
2020-09-21 01:19:48.536  INFO 63064 --- [http-nio-8080-exec-6] c.a.e.r.e.ExcelGenerationController      : delete file report1.xlsx
2020-09-21 01:19:58.078  INFO 63064 --- [http-nio-8080-exec-7] c.a.e.r.e.ExcelGenerationController      : save batch files: total 3files
2020-09-21 01:20:08.806  WARN 63064 --- [http-nio-8080-exec-8] .w.s.m.s.DefaultHandlerExceptionResolver : Resolved [org.springframework.web.HttpRequestMethodNotSupportedException: Request method 'GET' not supported]
2020-09-21 01:21:15.211  INFO 63064 --- [http-nio-8080-exec-1] c.a.e.r.e.ExcelGenerationController      : zip all downloading files
2020-09-21 01:21:46.183  INFO 63064 --- [SpringContextShutdownHook] o.s.s.concurrent.ThreadPoolTaskExecutor  : Shutting down ExecutorService 'applicationTaskExecutor'
2020-09-21 01:22:03.382  WARN 63106 --- [main] ory$DuplicateJsonObjectContextCustomizer : 

Found multiple occurrences of org.json.JSONObject on the class path:

	jar:file:/Users/yifengzhang/.m2/repository/com/vaadin/external/google/android-json/0.0.20131108.vaadin1/android-json-0.0.20131108.vaadin1.jar!/org/json/JSONObject.class
	jar:file:/Users/yifengzhang/.m2/repository/org/json/json/20180813/json-20180813.jar!/org/json/JSONObject.class

You may wish to exclude one of them to ensure predictable runtime behavior

2020-09-21 01:22:03.398  INFO 63106 --- [main] c.a.e.r.ReportingSystemApplicationTests  : Starting ReportingSystemApplicationTests on Yifengs-MacBook-Pro.local with PID 63106 (started by yifengzhang in /Users/yifengzhang/Desktop/Antra/reporting_system)
2020-09-21 01:22:03.399  INFO 63106 --- [main] c.a.e.r.ReportingSystemApplicationTests  : No active profile set, falling back to default profiles: default
2020-09-21 01:22:05.652  INFO 63106 --- [main] o.s.b.w.embedded.tomcat.TomcatWebServer  : Tomcat initialized with port(s): 0 (http)
2020-09-21 01:22:05.663  INFO 63106 --- [main] o.apache.catalina.core.StandardService   : Starting service [Tomcat]
2020-09-21 01:22:05.664  INFO 63106 --- [main] org.apache.catalina.core.StandardEngine  : Starting Servlet engine: [Apache Tomcat/9.0.37]
2020-09-21 01:22:05.764  INFO 63106 --- [main] o.a.c.c.C.[Tomcat].[localhost].[/]       : Initializing Spring embedded WebApplicationContext
2020-09-21 01:22:05.764  INFO 63106 --- [main] w.s.c.ServletWebServerApplicationContext : Root WebApplicationContext: initialization completed in 1911 ms
2020-09-21 01:22:06.536  INFO 63106 --- [main] pertySourcedRequestMappingHandlerMapping : Mapped URL path [/v2/api-docs] onto method [springfox.documentation.swagger2.web.Swagger2Controller#getDocumentation(String, HttpServletRequest)]
2020-09-21 01:22:06.679  INFO 63106 --- [main] o.s.s.concurrent.ThreadPoolTaskExecutor  : Initializing ExecutorService 'applicationTaskExecutor'
2020-09-21 01:22:07.132  INFO 63106 --- [main] o.s.b.w.embedded.tomcat.TomcatWebServer  : Tomcat started on port(s): 51544 (http) with context path ''
2020-09-21 01:22:07.133  INFO 63106 --- [main] d.s.w.p.DocumentationPluginsBootstrapper : Context refreshed
2020-09-21 01:22:07.151  INFO 63106 --- [main] d.s.w.p.DocumentationPluginsBootstrapper : Found 1 custom documentation plugin(s)
2020-09-21 01:22:07.203  INFO 63106 --- [main] s.d.s.w.s.ApiListingReferenceScanner     : Scanning for api listing references
2020-09-21 01:22:07.360  INFO 63106 --- [main] .d.s.w.r.o.CachingOperationNameGenerator : Generating unique operation named: createMultiSheetExcelUsingPOST_1
2020-09-21 01:22:07.402  INFO 63106 --- [main] c.a.e.r.ReportingSystemApplicationTests  : Started ReportingSystemApplicationTests in 9.364 seconds (JVM running for 11.167)
2020-09-21 01:22:09.515  INFO 63106 --- [SpringContextShutdownHook] o.s.s.concurrent.ThreadPoolTaskExecutor  : Shutting down ExecutorService 'applicationTaskExecutor'
